<?xml version="1.0" encoding="UTF-8"?>
<!-- Generated by org.testng.reporters.JUnitReportReporter -->
<testsuite hostname="DESKTOP-VHVGUAC" failures="0" tests="1" name="com.saucedemo.tests.LoginTest" time="4.623" errors="0" timestamp="2025-02-27T19:05:27 IST" skipped="0">
  <testcase classname="com.saucedemo.tests.LoginTest" name="loginTest" time="4.623"/>
</testsuite> <!-- com.saucedemo.tests.LoginTest -->
